2019-01-22 16:10:12.574 [Thread-8] INFO  io.github.biezhi.wechat.api.WechatClient -
				[*] 正在获取 uuid ... 
2019-01-22 16:10:13.008 [Thread-8] INFO  io.github.biezhi.wechat.api.WechatClient -
				[*] 正在获取二维码 ... 成功

2019-01-22 16:10:14.309 [Thread-8] INFO  io.github.biezhi.wechat.api.WechatClient -
				[*] 请使用微信扫描二维码以登录 ... 

2019-01-22 16:10:20.487 [Thread-8] INFO  io.github.biezhi.wechat.api.WechatClient -
				[*] 请在手机上点击确认以登录 ... 

2019-01-22 16:10:22.170 [Thread-8] INFO  io.github.biezhi.wechat.api.WechatApi -
				[*] 设置cookie [wxuin=1971081239;wxsid=AHjM/6Xmv4IsEFvE;wxloadtime=1548144622;mm_lang=zh_CN;webwx_data_ticket=gSc7t5jI4FRB9YIJYYGvlW/g;webwxuvid=5da78a345d0a2df5ffa83c522361a0b59d1a65ee478403b802398c50c9be47ce34d521cdb72b4af2d50b6acf0450b122;webwx_auth_ticket=CIsBEJ2r0ncagAHyaF9Yq67J0ZTdQ9uEY2dqvnk+qdA+xao4dRBZaFDkvde/Ig2UdcGakYf3b6ucFmnWqGTqvi/w4QtpoLbOBmnAB795N6XPYcsOs04pQW+26aW7yr2FwYPIGCpgpeKTQxRhvaLgi68kX0f42bYw0JvQqveTStX/KTy22K/3FZkAHA==;]
2019-01-22 16:10:22.811 [Thread-9] INFO  io.github.biezhi.wechat.api.WechatClient -
				[*] 开启状态通知 ... 
2019-01-22 16:10:22.931 [Thread-9] INFO  io.github.biezhi.wechat.api.WechatClient -
				[*] 获取联系人 ... 
2019-01-22 16:10:24.795 [Thread-9] INFO  io.github.biezhi.wechat.api.WechatClient -
				[*] 应有 [0] 个联系人，读取到联系人 [69] 个

2019-01-22 16:10:24.796 [Thread-9] INFO  io.github.biezhi.wechat.api.WechatClient -
				[*] 共有 [5] 个群 | [69] 个直接联系人 | [31] 个特殊账号 ｜ [54] 个公众号/服务号

2019-01-22 16:10:26.236 [Thread-10] INFO  io.github.biezhi.wechat.api.WechatClient -
				intercept msg : type:51, msg:null
2019-01-22 16:12:00.789 [Thread-10] INFO  io.github.biezhi.wechat.api.WechatClient -
				intercept msg : type:51, msg:null
2019-01-22 16:37:56.865 [Thread-10] INFO  io.github.biezhi.wechat.api.WechatClient -
				intercept msg : type:51, msg:null
2019-01-22 16:39:00.147 [Thread-10] INFO  io.github.biezhi.wechat.api.WechatClient -
				intercept msg : type:51, msg:null
2019-01-22 19:34:05.456 [Thread-10] INFO  io.github.biezhi.wechat.api.WechatClient -
				intercept msg : type:51, msg:null
2019-01-22 19:35:53.955 [Thread-10] INFO  io.github.biezhi.wechat.api.WechatClient -
				intercept msg : type:51, msg:null
2019-01-22 21:48:31.984 [Thread-10] INFO  io.github.biezhi.wechat.api.WechatClient -
				intercept msg : type:51, msg:null
2019-01-22 21:52:30.580 [Thread-10] INFO  io.github.biezhi.wechat.api.WechatClient -
				intercept msg : type:51, msg:null
2019-01-22 23:13:16.793 [Thread-14] INFO  io.github.biezhi.wechat.api.WechatClient -
				[*] 正在获取 uuid ... 
2019-01-22 23:13:17.181 [Thread-14] INFO  io.github.biezhi.wechat.api.WechatClient -
				[*] 正在获取二维码 ... 成功

2019-01-22 23:13:18.444 [Thread-14] INFO  io.github.biezhi.wechat.api.WechatClient -
				[*] 请使用微信扫描二维码以登录 ... 

2019-01-22 23:13:21.673 [Thread-10] WARN  io.github.biezhi.wechat.api.WechatClient -
				[*] 你在手机上登出了微信

